This file contains any messages produced by compilers while
running configure, to aid debugging if configure makes a mistake.

It was created by glog configure 0.3.3, which was
generated by GNU Autoconf 2.69.  Invocation command line was

  $ ./configure --prefix=/home/mi/Project/GLOG/installed --enable-frame-pointers --disable-shared --enable-static

## --------- ##
## Platform. ##
## --------- ##

hostname = mi
uname -m = x86_64
uname -r = 5.4.0-66-generic
uname -s = Linux
uname -v = #74~18.04.2-Ubuntu SMP Fri Feb 5 11:17:31 UTC 2021

/usr/bin/uname -p = unknown
/bin/uname -X     = unknown

/bin/arch              = unknown
/usr/bin/arch -k       = unknown
/usr/convex/getsysinfo = unknown
/usr/bin/hostinfo      = unknown
/bin/machine           = unknown
/usr/bin/oslevel       = unknown
/bin/universe          = unknown

PATH: /home/mi/program/cmake-3.19.6-Linux-x86_64/bin
PATH: /home/mi/program/apache-jmeter-5.4/bin
PATH: /home/mi/program/idea-IC-202.7660.26/bin
PATH: /home/mi/program/pycharm-community-2020.2.3/bin
PATH: /home/mi/anaconda3/bin
PATH: /usr/local/sbin
PATH: /usr/local/bin
PATH: /usr/sbin
PATH: /usr/bin
PATH: /sbin
PATH: /bin
PATH: /usr/games
PATH: /usr/local/games
PATH: /snap/bin


## ----------- ##
## Core tests. ##
## ----------- ##

configure:2807: checking for a BSD-compatible install
configure:2875: result: /usr/bin/install -c
configure:2886: checking whether build environment is sane
configure:2941: result: yes
configure:2979: WARNING: 'missing' script is too old or missing
configure:3092: checking for a thread-safe mkdir -p
configure:3131: result: /bin/mkdir -p
configure:3138: checking for gawk
configure:3168: result: no
configure:3138: checking for mawk
configure:3154: found /usr/bin/mawk
configure:3165: result: mawk
configure:3176: checking whether make sets $(MAKE)
configure:3198: result: yes
configure:3227: checking whether make supports nested variables
configure:3244: result: yes
configure:3429: checking for gcc
configure:3445: found /usr/bin/gcc
configure:3456: result: gcc
configure:3685: checking for C compiler version
configure:3694: gcc --version >&5
gcc (Ubuntu 7.5.0-3ubuntu1~18.04) 7.5.0
Copyright (C) 2017 Free Software Foundation, Inc.
This is free software; see the source for copying conditions.  There is NO
warranty; not even for MERCHANTABILITY or FITNESS FOR A PARTICULAR PURPOSE.

configure:3705: $? = 0
configure:3694: gcc -v >&5
Using built-in specs.
COLLECT_GCC=gcc
COLLECT_LTO_WRAPPER=/usr/lib/gcc/x86_64-linux-gnu/7/lto-wrapper
OFFLOAD_TARGET_NAMES=nvptx-none
OFFLOAD_TARGET_DEFAULT=1
Target: x86_64-linux-gnu
Configured with: ../src/configure -v --with-pkgversion='Ubuntu 7.5.0-3ubuntu1~18.04' --with-bugurl=file:///usr/share/doc/gcc-7/README.Bugs --enable-languages=c,ada,c++,go,brig,d,fortran,objc,obj-c++ --prefix=/usr --with-gcc-major-version-only --program-suffix=-7 --program-prefix=x86_64-linux-gnu- --enable-shared --enable-linker-build-id --libexecdir=/usr/lib --without-included-gettext --enable-threads=posix --libdir=/usr/lib --enable-nls --enable-bootstrap --enable-clocale=gnu --enable-libstdcxx-debug --enable-libstdcxx-time=yes --with-default-libstdcxx-abi=new --enable-gnu-unique-object --disable-vtable-verify --enable-libmpx --enable-plugin --enable-default-pie --with-system-zlib --with-target-system-zlib --enable-objc-gc=auto --enable-multiarch --disable-werror --with-arch-32=i686 --with-abi=m64 --with-multilib-list=m32,m64,mx32 --enable-multilib --with-tune=generic --enable-offload-targets=nvptx-none --without-cuda-driver --enable-checking=release --build=x86_64-linux-gnu --host=x86_64-linux-gnu --target=x86_64-linux-gnu
Thread model: posix
gcc version 7.5.0 (Ubuntu 7.5.0-3ubuntu1~18.04) 
configure:3705: $? = 0
configure:3694: gcc -V >&5
gcc: error: unrecognized command line option '-V'
gcc: fatal error: no input files
compilation terminated.
configure:3705: $? = 1
configure:3694: gcc -qversion >&5
gcc: error: unrecognized command line option '-qversion'; did you mean '--version'?
gcc: fatal error: no input files
compilation terminated.
configure:3705: $? = 1
configure:3725: checking whether the C compiler works
configure:3747: gcc -fPIC -I/home/mi/Project/GLOG/installed/include -fpermissive -fPIC -L/home/mi/Project/GLOG/installed/lib conftest.c  >&5
cc1: warning: command line option '-fpermissive' is valid for C++/ObjC++ but not for C
configure:3751: $? = 0
configure:3799: result: yes
configure:3802: checking for C compiler default output file name
configure:3804: result: a.out
configure:3810: checking for suffix of executables
configure:3817: gcc -o conftest -fPIC -I/home/mi/Project/GLOG/installed/include -fpermissive -fPIC -L/home/mi/Project/GLOG/installed/lib conftest.c  >&5
cc1: warning: command line option '-fpermissive' is valid for C++/ObjC++ but not for C
configure:3821: $? = 0
configure:3843: result: 
configure:3865: checking whether we are cross compiling
configure:3873: gcc -o conftest -fPIC -I/home/mi/Project/GLOG/installed/include -fpermissive -fPIC -L/home/mi/Project/GLOG/installed/lib conftest.c  >&5
cc1: warning: command line option '-fpermissive' is valid for C++/ObjC++ but not for C
configure:3877: $? = 0
configure:3884: ./conftest
configure:3888: $? = 0
configure:3903: result: no
configure:3908: checking for suffix of object files
configure:3930: gcc -c -fPIC -I/home/mi/Project/GLOG/installed/include -fpermissive -fPIC conftest.c >&5
cc1: warning: command line option '-fpermissive' is valid for C++/ObjC++ but not for C
configure:3934: $? = 0
configure:3955: result: o
configure:3959: checking whether we are using the GNU C compiler
configure:3978: gcc -c -fPIC -I/home/mi/Project/GLOG/installed/include -fpermissive -fPIC conftest.c >&5
cc1: warning: command line option '-fpermissive' is valid for C++/ObjC++ but not for C
configure:3978: $? = 0
configure:3987: result: yes
configure:3996: checking whether gcc accepts -g
configure:4016: gcc -c -g -I/home/mi/Project/GLOG/installed/include -fpermissive -fPIC conftest.c >&5
cc1: warning: command line option '-fpermissive' is valid for C++/ObjC++ but not for C
configure:4016: $? = 0
configure: failed program was:
| /* confdefs.h */
| #define PACKAGE_NAME "glog"
| #define PACKAGE_TARNAME "glog"
| #define PACKAGE_VERSION "0.3.3"
| #define PACKAGE_STRING "glog 0.3.3"
| #define PACKAGE_BUGREPORT "opensource@google.com"
| #define PACKAGE_URL ""
| #define PACKAGE "glog"
| #define VERSION "0.3.3"
| /* end confdefs.h.  */
| 
| int
| main ()
| {
| 
|   ;
|   return 0;
| }
configure:4031: gcc -c  -I/home/mi/Project/GLOG/installed/include -fpermissive -fPIC conftest.c >&5
cc1: warning: command line option '-fpermissive' is valid for C++/ObjC++ but not for C
configure:4031: $? = 0
configure: failed program was:
| /* confdefs.h */
| #define PACKAGE_NAME "glog"
| #define PACKAGE_TARNAME "glog"
| #define PACKAGE_VERSION "0.3.3"
| #define PACKAGE_STRING "glog 0.3.3"
| #define PACKAGE_BUGREPORT "opensource@google.com"
| #define PACKAGE_URL ""
| #define PACKAGE "glog"
| #define VERSION "0.3.3"
| /* end confdefs.h.  */
| 
| int
| main ()
| {
| 
|   ;
|   return 0;
| }
configure:4047: gcc -c -g -I/home/mi/Project/GLOG/installed/include -fpermissive -fPIC conftest.c >&5
cc1: warning: command line option '-fpermissive' is valid for C++/ObjC++ but not for C
configure:4047: $? = 0
configure:4057: result: yes
configure:4074: checking for gcc option to accept ISO C89
configure:4137: gcc  -c -fPIC -I/home/mi/Project/GLOG/installed/include -fpermissive -fPIC conftest.c >&5
cc1: warning: command line option '-fpermissive' is valid for C++/ObjC++ but not for C
configure:4137: $? = 0
configure:4150: result: none needed
configure:4175: checking whether gcc understands -c and -o together
configure:4197: gcc -c conftest.c -o conftest2.o
configure:4200: $? = 0
configure:4197: gcc -c conftest.c -o conftest2.o
configure:4200: $? = 0
configure:4212: result: yes
configure:4240: checking for style of include used by make
configure:4268: result: GNU
configure:4294: checking dependency style of gcc
configure:4405: result: gcc3
configure:4425: checking how to run the C preprocessor
configure:4456: gcc -E -I/home/mi/Project/GLOG/installed/include -fpermissive -fPIC conftest.c
cc1: warning: command line option '-fpermissive' is valid for C++/ObjC++ but not for C
configure:4456: $? = 0
configure:4470: gcc -E -I/home/mi/Project/GLOG/installed/include -fpermissive -fPIC conftest.c
cc1: warning: command line option '-fpermissive' is valid for C++/ObjC++ but not for C
conftest.c:11:10: fatal error: ac_nonexistent.h: No such file or directory
 #include <ac_nonexistent.h>
          ^~~~~~~~~~~~~~~~~~
compilation terminated.
configure:4470: $? = 1
configure: failed program was:
| /* confdefs.h */
| #define PACKAGE_NAME "glog"
| #define PACKAGE_TARNAME "glog"
| #define PACKAGE_VERSION "0.3.3"
| #define PACKAGE_STRING "glog 0.3.3"
| #define PACKAGE_BUGREPORT "opensource@google.com"
| #define PACKAGE_URL ""
| #define PACKAGE "glog"
| #define VERSION "0.3.3"
| /* end confdefs.h.  */
| #include <ac_nonexistent.h>
configure:4495: result: gcc -E
configure:4515: gcc -E -I/home/mi/Project/GLOG/installed/include -fpermissive -fPIC conftest.c
cc1: warning: command line option '-fpermissive' is valid for C++/ObjC++ but not for C
configure:4515: $? = 0
configure:4529: gcc -E -I/home/mi/Project/GLOG/installed/include -fpermissive -fPIC conftest.c
cc1: warning: command line option '-fpermissive' is valid for C++/ObjC++ but not for C
conftest.c:11:10: fatal error: ac_nonexistent.h: No such file or directory
 #include <ac_nonexistent.h>
          ^~~~~~~~~~~~~~~~~~
compilation terminated.
configure:4529: $? = 1
configure: failed program was:
| /* confdefs.h */
| #define PACKAGE_NAME "glog"
| #define PACKAGE_TARNAME "glog"
| #define PACKAGE_VERSION "0.3.3"
| #define PACKAGE_STRING "glog 0.3.3"
| #define PACKAGE_BUGREPORT "opensource@google.com"
| #define PACKAGE_URL ""
| #define PACKAGE "glog"
| #define VERSION "0.3.3"
| /* end confdefs.h.  */
| #include <ac_nonexistent.h>
configure:4615: checking for g++
configure:4631: found /usr/bin/g++
configure:4642: result: g++
configure:4669: checking for C++ compiler version
configure:4678: g++ --version >&5
g++ (Ubuntu 7.5.0-3ubuntu1~18.04) 7.5.0
Copyright (C) 2017 Free Software Foundation, Inc.
This is free software; see the source for copying conditions.  There is NO
warranty; not even for MERCHANTABILITY or FITNESS FOR A PARTICULAR PURPOSE.

configure:4689: $? = 0
configure:4678: g++ -v >&5
Using built-in specs.
COLLECT_GCC=g++
COLLECT_LTO_WRAPPER=/usr/lib/gcc/x86_64-linux-gnu/7/lto-wrapper
OFFLOAD_TARGET_NAMES=nvptx-none
OFFLOAD_TARGET_DEFAULT=1
Target: x86_64-linux-gnu
Configured with: ../src/configure -v --with-pkgversion='Ubuntu 7.5.0-3ubuntu1~18.04' --with-bugurl=file:///usr/share/doc/gcc-7/README.Bugs --enable-languages=c,ada,c++,go,brig,d,fortran,objc,obj-c++ --prefix=/usr --with-gcc-major-version-only --program-suffix=-7 --program-prefix=x86_64-linux-gnu- --enable-shared --enable-linker-build-id --libexecdir=/usr/lib --without-included-gettext --enable-threads=posix --libdir=/usr/lib --enable-nls --enable-bootstrap --enable-clocale=gnu --enable-libstdcxx-debug --enable-libstdcxx-time=yes --with-default-libstdcxx-abi=new --enable-gnu-unique-object --disable-vtable-verify --enable-libmpx --enable-plugin --enable-default-pie --with-system-zlib --with-target-system-zlib --enable-objc-gc=auto --enable-multiarch --disable-werror --with-arch-32=i686 --with-abi=m64 --with-multilib-list=m32,m64,mx32 --enable-multilib --with-tune=generic --enable-offload-targets=nvptx-none --without-cuda-driver --enable-checking=release --build=x86_64-linux-gnu --host=x86_64-linux-gnu --target=x86_64-linux-gnu
Thread model: posix
gcc version 7.5.0 (Ubuntu 7.5.0-3ubuntu1~18.04) 
configure:4689: $? = 0
configure:4678: g++ -V >&5
g++: error: unrecognized command line option '-V'
g++: fatal error: no input files
compilation terminated.
configure:4689: $? = 1
configure:4678: g++ -qversion >&5
g++: error: unrecognized command line option '-qversion'; did you mean '--version'?
g++: fatal error: no input files
compilation terminated.
configure:4689: $? = 1
configure:4693: checking whether we are using the GNU C++ compiler
configure:4712: g++ -c  -I/home/mi/Project/GLOG/installed/include -fpermissive -fPIC conftest.cpp >&5
configure:4712: $? = 0
configure:4721: result: yes
configure:4730: checking whether g++ accepts -g
configure:4750: g++ -c -g -I/home/mi/Project/GLOG/installed/include -fpermissive -fPIC conftest.cpp >&5
configure:4750: $? = 0
configure:4791: result: yes
configure:4816: checking dependency style of g++
configure:4927: result: gcc3
configure:4980: checking build system type
configure:4994: result: x86_64-pc-linux-gnu
configure:5014: checking host system type
configure:5027: result: x86_64-pc-linux-gnu
configure:5068: checking how to print strings
configure:5095: result: printf
configure:5116: checking for a sed that does not truncate output
configure:5180: result: /bin/sed
configure:5198: checking for grep that handles long lines and -e
configure:5256: result: /bin/grep
configure:5261: checking for egrep
configure:5323: result: /bin/grep -E
configure:5328: checking for fgrep
configure:5390: result: /bin/grep -F
configure:5425: checking for ld used by gcc
configure:5492: result: /usr/bin/ld
configure:5499: checking if the linker (/usr/bin/ld) is GNU ld
configure:5514: result: yes
configure:5526: checking for BSD- or MS-compatible name lister (nm)
configure:5580: result: /usr/bin/nm -B
configure:5710: checking the name lister (/usr/bin/nm -B) interface
configure:5717: g++ -c -g -O2 -I/home/mi/Project/GLOG/installed/include -fpermissive -fPIC conftest.cpp >&5
configure:5720: /usr/bin/nm -B "conftest.o"
configure:5723: output
0000000000000000 B some_variable
configure:5730: result: BSD nm
configure:5733: checking whether ln -s works
configure:5737: result: yes
configure:5745: checking the maximum length of command line arguments
configure:5876: result: 1572864
configure:5924: checking how to convert x86_64-pc-linux-gnu file names to x86_64-pc-linux-gnu format
configure:5964: result: func_convert_file_noop
configure:5971: checking how to convert x86_64-pc-linux-gnu file names to toolchain format
configure:5991: result: func_convert_file_noop
configure:5998: checking for /usr/bin/ld option to reload object files
configure:6005: result: -r
configure:6079: checking for objdump
configure:6095: found /usr/bin/objdump
configure:6106: result: objdump
configure:6138: checking how to recognize dependent libraries
configure:6338: result: pass_all
configure:6423: checking for dlltool
configure:6453: result: no
configure:6483: checking how to associate runtime and link libraries
configure:6510: result: printf %s\n
configure:6571: checking for ar
configure:6587: found /usr/bin/ar
configure:6598: result: ar
configure:6635: checking for archiver @FILE support
configure:6652: g++ -c -g -O2 -I/home/mi/Project/GLOG/installed/include -fpermissive -fPIC conftest.cpp >&5
configure:6652: $? = 0
configure:6655: ar cru libconftest.a @conftest.lst >&5
ar: `u' modifier ignored since `D' is the default (see `U')
configure:6658: $? = 0
configure:6663: ar cru libconftest.a @conftest.lst >&5
ar: `u' modifier ignored since `D' is the default (see `U')
ar: conftest.o: No such file or directory
configure:6666: $? = 1
configure:6678: result: @
configure:6736: checking for strip
configure:6752: found /usr/bin/strip
configure:6763: result: strip
configure:6835: checking for ranlib
configure:6851: found /usr/bin/ranlib
configure:6862: result: ranlib
configure:6964: checking command to parse /usr/bin/nm -B output from gcc object
configure:7117: g++ -c -g -O2 -I/home/mi/Project/GLOG/installed/include -fpermissive -fPIC conftest.cpp >&5
configure:7120: $? = 0
configure:7124: /usr/bin/nm -B conftest.o \| sed -n -e 's/^.*[ ]\([ABCDGIRSTW][ABCDGIRSTW]*\)[ ][ ]*\([_A-Za-z][_A-Za-z0-9]*\)$/\1 \2 \2/p' | sed '/ __gnu_lto/d' \> conftest.nm
configure:7127: $? = 0
configure:7193: g++ -o conftest -g -O2 -I/home/mi/Project/GLOG/installed/include -fpermissive -fPIC -L/home/mi/Project/GLOG/installed/lib conftest.cpp conftstm.o >&5
configure:7196: $? = 0
configure:7234: result: ok
configure:7281: checking for sysroot
configure:7311: result: no
configure:7318: checking for a working dd
configure:7356: result: /bin/dd
configure:7360: checking how to truncate binary pipes
configure:7375: result: /bin/dd bs=4096 count=1
configure:7512: g++ -c -g -O2 -I/home/mi/Project/GLOG/installed/include -fpermissive -fPIC conftest.cpp >&5
configure:7515: $? = 0
configure:7705: checking for mt
configure:7721: found /bin/mt
configure:7732: result: mt
configure:7755: checking if mt is a manifest tool
configure:7761: mt '-?'
configure:7769: result: no
configure:8442: checking for ANSI C header files
configure:8462: g++ -c -g -O2 -I/home/mi/Project/GLOG/installed/include -fpermissive -fPIC conftest.cpp >&5
configure:8462: $? = 0
./configure: line 8476: -I/home/mi/Project/GLOG/installed/include: No such file or directory
configure:8546: result: no
configure:8559: checking for sys/types.h
configure:8559: g++ -c -g -O2 -I/home/mi/Project/GLOG/installed/include -fpermissive -fPIC conftest.cpp >&5
configure:8559: $? = 0
configure:8559: result: yes
configure:8559: checking for sys/stat.h
configure:8559: g++ -c -g -O2 -I/home/mi/Project/GLOG/installed/include -fpermissive -fPIC conftest.cpp >&5
configure:8559: $? = 0
configure:8559: result: yes
configure:8559: checking for stdlib.h
configure:8559: g++ -c -g -O2 -I/home/mi/Project/GLOG/installed/include -fpermissive -fPIC conftest.cpp >&5
configure:8559: $? = 0
configure:8559: result: yes
configure:8559: checking for string.h
configure:8559: g++ -c -g -O2 -I/home/mi/Project/GLOG/installed/include -fpermissive -fPIC conftest.cpp >&5
configure:8559: $? = 0
configure:8559: result: yes
configure:8559: checking for memory.h
configure:8559: g++ -c -g -O2 -I/home/mi/Project/GLOG/installed/include -fpermissive -fPIC conftest.cpp >&5
configure:8559: $? = 0
configure:8559: result: yes
configure:8559: checking for strings.h
configure:8559: g++ -c -g -O2 -I/home/mi/Project/GLOG/installed/include -fpermissive -fPIC conftest.cpp >&5
configure:8559: $? = 0
configure:8559: result: yes
configure:8559: checking for inttypes.h
configure:8559: g++ -c -g -O2 -I/home/mi/Project/GLOG/installed/include -fpermissive -fPIC conftest.cpp >&5
configure:8559: $? = 0
configure:8559: result: yes
configure:8559: checking for stdint.h
configure:8559: g++ -c -g -O2 -I/home/mi/Project/GLOG/installed/include -fpermissive -fPIC conftest.cpp >&5
configure:8559: $? = 0
configure:8559: result: yes
configure:8559: checking for unistd.h
configure:8559: g++ -c -g -O2 -I/home/mi/Project/GLOG/installed/include -fpermissive -fPIC conftest.cpp >&5
configure:8559: $? = 0
configure:8559: result: yes
configure:8573: checking for dlfcn.h
configure:8573: g++ -c -g -O2 -I/home/mi/Project/GLOG/installed/include -fpermissive -fPIC conftest.cpp >&5
configure:8573: $? = 0
configure:8573: result: yes
configure:8839: checking for objdir
configure:8854: result: .libs
configure:9118: checking if gcc supports -fno-rtti -fno-exceptions
configure:9136: gcc -c -fPIC -I/home/mi/Project/GLOG/installed/include -fpermissive -fPIC -fno-rtti -fno-exceptions conftest.c >&5
cc1: warning: command line option '-fpermissive' is valid for C++/ObjC++ but not for C
cc1: warning: command line option '-fno-rtti' is valid for C++/ObjC++ but not for C
configure:9140: $? = 0
configure:9153: result: no
configure:9511: checking for gcc option to produce PIC
configure:9518: result: -fPIC -DPIC
configure:9526: checking if gcc PIC flag -fPIC -DPIC works
configure:9544: gcc -c -fPIC -I/home/mi/Project/GLOG/installed/include -fpermissive -fPIC -fPIC -DPIC -DPIC conftest.c >&5
cc1: warning: command line option '-fpermissive' is valid for C++/ObjC++ but not for C
configure:9548: $? = 0
configure:9561: result: yes
configure:9590: checking if gcc static flag -static works
cc1: warning: command line option '-fpermissive' is valid for C++/ObjC++ but not for C
configure:9618: result: yes
configure:9633: checking if gcc supports -c -o file.o
configure:9654: gcc -c -fPIC -I/home/mi/Project/GLOG/installed/include -fpermissive -fPIC -o out/conftest2.o conftest.c >&5
cc1: warning: command line option '-fpermissive' is valid for C++/ObjC++ but not for C
configure:9658: $? = 0
configure:9680: result: yes
configure:9688: checking if gcc supports -c -o file.o
configure:9735: result: yes
configure:9768: checking whether the gcc linker (/usr/bin/ld -m elf_x86_64) supports shared libraries
configure:11027: result: yes
configure:11267: checking dynamic linker characteristics
configure:11848: gcc -o conftest -fPIC -I/home/mi/Project/GLOG/installed/include -fpermissive -fPIC -L/home/mi/Project/GLOG/installed/lib -Wl,-rpath -Wl,/foo conftest.c  >&5
cc1: warning: command line option '-fpermissive' is valid for C++/ObjC++ but not for C
configure:11848: $? = 0
configure:12085: result: GNU/Linux ld.so
configure:12207: checking how to hardcode library paths into programs
configure:12232: result: immediate
configure:12780: checking whether stripping libraries is possible
configure:12785: result: yes
configure:12820: checking if libtool supports shared libraries
configure:12822: result: yes
configure:12825: checking whether to build shared libraries
configure:12850: result: no
configure:12853: checking whether to build static libraries
configure:12857: result: yes
configure:12880: checking how to run the C++ preprocessor
configure:12907: g++ -E -I/home/mi/Project/GLOG/installed/include -fpermissive -fPIC conftest.cpp
configure:12907: $? = 0
configure:12921: g++ -E -I/home/mi/Project/GLOG/installed/include -fpermissive -fPIC conftest.cpp
conftest.cpp:22:10: fatal error: ac_nonexistent.h: No such file or directory
 #include <ac_nonexistent.h>
          ^~~~~~~~~~~~~~~~~~
compilation terminated.
configure:12921: $? = 1
configure: failed program was:
| /* confdefs.h */
| #define PACKAGE_NAME "glog"
| #define PACKAGE_TARNAME "glog"
| #define PACKAGE_VERSION "0.3.3"
| #define PACKAGE_STRING "glog 0.3.3"
| #define PACKAGE_BUGREPORT "opensource@google.com"
| #define PACKAGE_URL ""
| #define PACKAGE "glog"
| #define VERSION "0.3.3"
| #define HAVE_SYS_TYPES_H 1
| #define HAVE_SYS_STAT_H 1
| #define HAVE_STDLIB_H 1
| #define HAVE_STRING_H 1
| #define HAVE_MEMORY_H 1
| #define HAVE_STRINGS_H 1
| #define HAVE_INTTYPES_H 1
| #define HAVE_STDINT_H 1
| #define HAVE_UNISTD_H 1
| #define HAVE_DLFCN_H 1
| #define LT_OBJDIR ".libs/"
| /* end confdefs.h.  */
| #include <ac_nonexistent.h>
configure:12946: result: g++ -E
configure:12966: g++ -E -I/home/mi/Project/GLOG/installed/include -fpermissive -fPIC conftest.cpp
configure:12966: $? = 0
configure:12980: g++ -E -I/home/mi/Project/GLOG/installed/include -fpermissive -fPIC conftest.cpp
conftest.cpp:22:10: fatal error: ac_nonexistent.h: No such file or directory
 #include <ac_nonexistent.h>
          ^~~~~~~~~~~~~~~~~~
compilation terminated.
configure:12980: $? = 1
configure: failed program was:
| /* confdefs.h */
| #define PACKAGE_NAME "glog"
| #define PACKAGE_TARNAME "glog"
| #define PACKAGE_VERSION "0.3.3"
| #define PACKAGE_STRING "glog 0.3.3"
| #define PACKAGE_BUGREPORT "opensource@google.com"
| #define PACKAGE_URL ""
| #define PACKAGE "glog"
| #define VERSION "0.3.3"
| #define HAVE_SYS_TYPES_H 1
| #define HAVE_SYS_STAT_H 1
| #define HAVE_STDLIB_H 1
| #define HAVE_STRING_H 1
| #define HAVE_MEMORY_H 1
| #define HAVE_STRINGS_H 1
| #define HAVE_INTTYPES_H 1
| #define HAVE_STDINT_H 1
| #define HAVE_UNISTD_H 1
| #define HAVE_DLFCN_H 1
| #define LT_OBJDIR ".libs/"
| /* end confdefs.h.  */
| #include <ac_nonexistent.h>
configure:13142: checking for ld used by g++
configure:13209: result: /usr/bin/ld -m elf_x86_64
configure:13216: checking if the linker (/usr/bin/ld -m elf_x86_64) is GNU ld
configure:13231: result: yes
configure:13286: checking whether the g++ linker (/usr/bin/ld -m elf_x86_64) supports shared libraries
configure:14359: result: yes
configure:14395: g++ -c -g -O2 -I/home/mi/Project/GLOG/installed/include -fpermissive -fPIC conftest.cpp >&5
configure:14398: $? = 0
configure:14879: checking for g++ option to produce PIC
configure:14886: result: -fPIC -DPIC
configure:14894: checking if g++ PIC flag -fPIC -DPIC works
configure:14912: g++ -c -g -O2 -I/home/mi/Project/GLOG/installed/include -fpermissive -fPIC -fPIC -DPIC -DPIC conftest.cpp >&5
configure:14916: $? = 0
configure:14929: result: yes
configure:14952: checking if g++ static flag -static works
configure:14980: result: yes
configure:14992: checking if g++ supports -c -o file.o
configure:15013: g++ -c -g -O2 -I/home/mi/Project/GLOG/installed/include -fpermissive -fPIC -o out/conftest2.o conftest.cpp >&5
configure:15017: $? = 0
configure:15039: result: yes
configure:15044: checking if g++ supports -c -o file.o
configure:15091: result: yes
configure:15121: checking whether the g++ linker (/usr/bin/ld -m elf_x86_64) supports shared libraries
configure:15161: result: yes
configure:15302: checking dynamic linker characteristics
configure:16047: result: GNU/Linux ld.so
configure:16112: checking how to hardcode library paths into programs
configure:16137: result: immediate
configure:16202: checking for ANSI C header files
configure:16306: result: no
configure:16316: checking for stdint.h
configure:16316: result: yes
configure:16324: checking for sys/types.h
configure:16324: result: yes
configure:16332: checking for inttypes.h
configure:16332: result: yes
configure:16342: checking for unistd.h
configure:16342: result: yes
configure:16356: checking syscall.h usability
configure:16356: g++ -c -g -O2 -I/home/mi/Project/GLOG/installed/include -fpermissive -fPIC conftest.cpp >&5
configure:16356: $? = 0
configure:16356: result: yes
configure:16356: checking syscall.h presence
configure:16356: g++ -E -I/home/mi/Project/GLOG/installed/include -fpermissive -fPIC conftest.cpp
configure:16356: $? = 0
configure:16356: result: yes
configure:16356: checking for syscall.h
configure:16356: result: yes
configure:16368: checking sys/syscall.h usability
configure:16368: g++ -c -g -O2 -I/home/mi/Project/GLOG/installed/include -fpermissive -fPIC conftest.cpp >&5
configure:16368: $? = 0
configure:16368: result: yes
configure:16368: checking sys/syscall.h presence
configure:16368: g++ -E -I/home/mi/Project/GLOG/installed/include -fpermissive -fPIC conftest.cpp
configure:16368: $? = 0
configure:16368: result: yes
configure:16368: checking for sys/syscall.h
configure:16368: result: yes
configure:16381: checking execinfo.h usability
configure:16381: g++ -c -g -O2 -I/home/mi/Project/GLOG/installed/include -fpermissive -fPIC conftest.cpp >&5
configure:16381: $? = 0
configure:16381: result: yes
configure:16381: checking execinfo.h presence
configure:16381: g++ -E -I/home/mi/Project/GLOG/installed/include -fpermissive -fPIC conftest.cpp
configure:16381: $? = 0
configure:16381: result: yes
configure:16381: checking for execinfo.h
configure:16381: result: yes
configure:16394: checking libunwind.h usability
configure:16394: g++ -c -g -O2 -I/home/mi/Project/GLOG/installed/include -fpermissive -fPIC conftest.cpp >&5
conftest.cpp:59:10: fatal error: libunwind.h: No such file or directory
 #include <libunwind.h>
          ^~~~~~~~~~~~~
compilation terminated.
configure:16394: $? = 1
configure: failed program was:
| /* confdefs.h */
| #define PACKAGE_NAME "glog"
| #define PACKAGE_TARNAME "glog"
| #define PACKAGE_VERSION "0.3.3"
| #define PACKAGE_STRING "glog 0.3.3"
| #define PACKAGE_BUGREPORT "opensource@google.com"
| #define PACKAGE_URL ""
| #define PACKAGE "glog"
| #define VERSION "0.3.3"
| #define HAVE_SYS_TYPES_H 1
| #define HAVE_SYS_STAT_H 1
| #define HAVE_STDLIB_H 1
| #define HAVE_STRING_H 1
| #define HAVE_MEMORY_H 1
| #define HAVE_STRINGS_H 1
| #define HAVE_INTTYPES_H 1
| #define HAVE_STDINT_H 1
| #define HAVE_UNISTD_H 1
| #define HAVE_DLFCN_H 1
| #define LT_OBJDIR ".libs/"
| #define HAVE_UNISTD_H 1
| #define HAVE_SYSCALL_H 1
| #define HAVE_SYS_SYSCALL_H 1
| #define HAVE_EXECINFO_H 1
| /* end confdefs.h.  */
| #include <stdio.h>
| #ifdef HAVE_SYS_TYPES_H
| # include <sys/types.h>
| #endif
| #ifdef HAVE_SYS_STAT_H
| # include <sys/stat.h>
| #endif
| #ifdef STDC_HEADERS
| # include <stdlib.h>
| # include <stddef.h>
| #else
| # ifdef HAVE_STDLIB_H
| #  include <stdlib.h>
| # endif
| #endif
| #ifdef HAVE_STRING_H
| # if !defined STDC_HEADERS && defined HAVE_MEMORY_H
| #  include <memory.h>
| # endif
| # include <string.h>
| #endif
| #ifdef HAVE_STRINGS_H
| # include <strings.h>
| #endif
| #ifdef HAVE_INTTYPES_H
| # include <inttypes.h>
| #endif
| #ifdef HAVE_STDINT_H
| # include <stdint.h>
| #endif
| #ifdef HAVE_UNISTD_H
| # include <unistd.h>
| #endif
| #include <libunwind.h>
configure:16394: result: no
configure:16394: checking libunwind.h presence
configure:16394: g++ -E -I/home/mi/Project/GLOG/installed/include -fpermissive -fPIC conftest.cpp
conftest.cpp:26:10: fatal error: libunwind.h: No such file or directory
 #include <libunwind.h>
          ^~~~~~~~~~~~~
compilation terminated.
configure:16394: $? = 1
configure: failed program was:
| /* confdefs.h */
| #define PACKAGE_NAME "glog"
| #define PACKAGE_TARNAME "glog"
| #define PACKAGE_VERSION "0.3.3"
| #define PACKAGE_STRING "glog 0.3.3"
| #define PACKAGE_BUGREPORT "opensource@google.com"
| #define PACKAGE_URL ""
| #define PACKAGE "glog"
| #define VERSION "0.3.3"
| #define HAVE_SYS_TYPES_H 1
| #define HAVE_SYS_STAT_H 1
| #define HAVE_STDLIB_H 1
| #define HAVE_STRING_H 1
| #define HAVE_MEMORY_H 1
| #define HAVE_STRINGS_H 1
| #define HAVE_INTTYPES_H 1
| #define HAVE_STDINT_H 1
| #define HAVE_UNISTD_H 1
| #define HAVE_DLFCN_H 1
| #define LT_OBJDIR ".libs/"
| #define HAVE_UNISTD_H 1
| #define HAVE_SYSCALL_H 1
| #define HAVE_SYS_SYSCALL_H 1
| #define HAVE_EXECINFO_H 1
| /* end confdefs.h.  */
| #include <libunwind.h>
configure:16394: result: no
configure:16394: checking for libunwind.h
configure:16394: result: no
configure:16408: checking ucontext.h usability
configure:16408: g++ -c -g -O2 -I/home/mi/Project/GLOG/installed/include -fpermissive -fPIC conftest.cpp >&5
configure:16408: $? = 0
configure:16408: result: yes
configure:16408: checking ucontext.h presence
configure:16408: g++ -E -I/home/mi/Project/GLOG/installed/include -fpermissive -fPIC conftest.cpp
configure:16408: $? = 0
configure:16408: result: yes
configure:16408: checking for ucontext.h
configure:16408: result: yes
configure:16420: checking sys/utsname.h usability
configure:16420: g++ -c -g -O2 -I/home/mi/Project/GLOG/installed/include -fpermissive -fPIC conftest.cpp >&5
configure:16420: $? = 0
configure:16420: result: yes
configure:16420: checking sys/utsname.h presence
configure:16420: g++ -E -I/home/mi/Project/GLOG/installed/include -fpermissive -fPIC conftest.cpp
configure:16420: $? = 0
configure:16420: result: yes
configure:16420: checking for sys/utsname.h
configure:16420: result: yes
configure:16432: checking pwd.h usability
configure:16432: g++ -c -g -O2 -I/home/mi/Project/GLOG/installed/include -fpermissive -fPIC conftest.cpp >&5
configure:16432: $? = 0
configure:16432: result: yes
configure:16432: checking pwd.h presence
configure:16432: g++ -E -I/home/mi/Project/GLOG/installed/include -fpermissive -fPIC conftest.cpp
configure:16432: $? = 0
configure:16432: result: yes
configure:16432: checking for pwd.h
configure:16432: result: yes
configure:16444: checking syslog.h usability
configure:16444: g++ -c -g -O2 -I/home/mi/Project/GLOG/installed/include -fpermissive -fPIC conftest.cpp >&5
configure:16444: $? = 0
configure:16444: result: yes
configure:16444: checking syslog.h presence
configure:16444: g++ -E -I/home/mi/Project/GLOG/installed/include -fpermissive -fPIC conftest.cpp
configure:16444: $? = 0
configure:16444: result: yes
configure:16444: checking for syslog.h
configure:16444: result: yes
configure:16456: checking sys/time.h usability
configure:16456: g++ -c -g -O2 -I/home/mi/Project/GLOG/installed/include -fpermissive -fPIC conftest.cpp >&5
configure:16456: $? = 0
configure:16456: result: yes
configure:16456: checking sys/time.h presence
configure:16456: g++ -E -I/home/mi/Project/GLOG/installed/include -fpermissive -fPIC conftest.cpp
configure:16456: $? = 0
configure:16456: result: yes
configure:16456: checking for sys/time.h
configure:16456: result: yes
configure:16468: checking glob.h usability
configure:16468: g++ -c -g -O2 -I/home/mi/Project/GLOG/installed/include -fpermissive -fPIC conftest.cpp >&5
configure:16468: $? = 0
configure:16468: result: yes
configure:16468: checking glob.h presence
configure:16468: g++ -E -I/home/mi/Project/GLOG/installed/include -fpermissive -fPIC conftest.cpp
configure:16468: $? = 0
configure:16468: result: yes
configure:16468: checking for glob.h
configure:16468: result: yes
configure:16481: checking unwind.h usability
configure:16481: g++ -c -g -O2 -I/home/mi/Project/GLOG/installed/include -fpermissive -fPIC conftest.cpp >&5
configure:16481: $? = 0
configure:16481: result: yes
configure:16481: checking unwind.h presence
configure:16481: g++ -E -I/home/mi/Project/GLOG/installed/include -fpermissive -fPIC conftest.cpp
configure:16481: $? = 0
configure:16481: result: yes
configure:16481: checking for unwind.h
configure:16481: result: yes
configure:16496: checking size of void *
configure:16501: g++ -o conftest -g -O2 -I/home/mi/Project/GLOG/installed/include -fpermissive -fPIC -L/home/mi/Project/GLOG/installed/lib conftest.cpp  >&5
configure:16501: $? = 0
configure:16501: ./conftest
configure:16501: $? = 0
configure:16515: result: 8
configure:16528: checking for uint16_t
configure:16528: g++ -c -g -O2 -I/home/mi/Project/GLOG/installed/include -fpermissive -fPIC conftest.cpp >&5
configure:16528: $? = 0
configure:16528: g++ -c -g -O2 -I/home/mi/Project/GLOG/installed/include -fpermissive -fPIC conftest.cpp >&5
conftest.cpp: In function 'int main()':
conftest.cpp:70:22: error: expected primary-expression before ')' token
 if (sizeof ((uint16_t)))
                      ^
configure:16528: $? = 1
configure: failed program was:
| /* confdefs.h */
| #define PACKAGE_NAME "glog"
| #define PACKAGE_TARNAME "glog"
| #define PACKAGE_VERSION "0.3.3"
| #define PACKAGE_STRING "glog 0.3.3"
| #define PACKAGE_BUGREPORT "opensource@google.com"
| #define PACKAGE_URL ""
| #define PACKAGE "glog"
| #define VERSION "0.3.3"
| #define HAVE_SYS_TYPES_H 1
| #define HAVE_SYS_STAT_H 1
| #define HAVE_STDLIB_H 1
| #define HAVE_STRING_H 1
| #define HAVE_MEMORY_H 1
| #define HAVE_STRINGS_H 1
| #define HAVE_INTTYPES_H 1
| #define HAVE_STDINT_H 1
| #define HAVE_UNISTD_H 1
| #define HAVE_DLFCN_H 1
| #define LT_OBJDIR ".libs/"
| #define HAVE_UNISTD_H 1
| #define HAVE_SYSCALL_H 1
| #define HAVE_SYS_SYSCALL_H 1
| #define HAVE_EXECINFO_H 1
| #define HAVE_UCONTEXT_H 1
| #define HAVE_SYS_UTSNAME_H 1
| #define HAVE_PWD_H 1
| #define HAVE_SYSLOG_H 1
| #define HAVE_SYS_TIME_H 1
| #define HAVE_GLOB_H 1
| #define HAVE_UNWIND_H 1
| #define SIZEOF_VOID_P 8
| /* end confdefs.h.  */
| #include <stdio.h>
| #ifdef HAVE_SYS_TYPES_H
| # include <sys/types.h>
| #endif
| #ifdef HAVE_SYS_STAT_H
| # include <sys/stat.h>
| #endif
| #ifdef STDC_HEADERS
| # include <stdlib.h>
| # include <stddef.h>
| #else
| # ifdef HAVE_STDLIB_H
| #  include <stdlib.h>
| # endif
| #endif
| #ifdef HAVE_STRING_H
| # if !defined STDC_HEADERS && defined HAVE_MEMORY_H
| #  include <memory.h>
| # endif
| # include <string.h>
| #endif
| #ifdef HAVE_STRINGS_H
| # include <strings.h>
| #endif
| #ifdef HAVE_INTTYPES_H
| # include <inttypes.h>
| #endif
| #ifdef HAVE_STDINT_H
| # include <stdint.h>
| #endif
| #ifdef HAVE_UNISTD_H
| # include <unistd.h>
| #endif
| int
| main ()
| {
| if (sizeof ((uint16_t)))
| 	    return 0;
|   ;
|   return 0;
| }
configure:16528: result: yes
configure:16535: checking for u_int16_t
configure:16535: g++ -c -g -O2 -I/home/mi/Project/GLOG/installed/include -fpermissive -fPIC conftest.cpp >&5
configure:16535: $? = 0
configure:16535: g++ -c -g -O2 -I/home/mi/Project/GLOG/installed/include -fpermissive -fPIC conftest.cpp >&5
conftest.cpp: In function 'int main()':
conftest.cpp:70:23: error: expected primary-expression before ')' token
 if (sizeof ((u_int16_t)))
                       ^
configure:16535: $? = 1
configure: failed program was:
| /* confdefs.h */
| #define PACKAGE_NAME "glog"
| #define PACKAGE_TARNAME "glog"
| #define PACKAGE_VERSION "0.3.3"
| #define PACKAGE_STRING "glog 0.3.3"
| #define PACKAGE_BUGREPORT "opensource@google.com"
| #define PACKAGE_URL ""
| #define PACKAGE "glog"
| #define VERSION "0.3.3"
| #define HAVE_SYS_TYPES_H 1
| #define HAVE_SYS_STAT_H 1
| #define HAVE_STDLIB_H 1
| #define HAVE_STRING_H 1
| #define HAVE_MEMORY_H 1
| #define HAVE_STRINGS_H 1
| #define HAVE_INTTYPES_H 1
| #define HAVE_STDINT_H 1
| #define HAVE_UNISTD_H 1
| #define HAVE_DLFCN_H 1
| #define LT_OBJDIR ".libs/"
| #define HAVE_UNISTD_H 1
| #define HAVE_SYSCALL_H 1
| #define HAVE_SYS_SYSCALL_H 1
| #define HAVE_EXECINFO_H 1
| #define HAVE_UCONTEXT_H 1
| #define HAVE_SYS_UTSNAME_H 1
| #define HAVE_PWD_H 1
| #define HAVE_SYSLOG_H 1
| #define HAVE_SYS_TIME_H 1
| #define HAVE_GLOB_H 1
| #define HAVE_UNWIND_H 1
| #define SIZEOF_VOID_P 8
| /* end confdefs.h.  */
| #include <stdio.h>
| #ifdef HAVE_SYS_TYPES_H
| # include <sys/types.h>
| #endif
| #ifdef HAVE_SYS_STAT_H
| # include <sys/stat.h>
| #endif
| #ifdef STDC_HEADERS
| # include <stdlib.h>
| # include <stddef.h>
| #else
| # ifdef HAVE_STDLIB_H
| #  include <stdlib.h>
| # endif
| #endif
| #ifdef HAVE_STRING_H
| # if !defined STDC_HEADERS && defined HAVE_MEMORY_H
| #  include <memory.h>
| # endif
| # include <string.h>
| #endif
| #ifdef HAVE_STRINGS_H
| # include <strings.h>
| #endif
| #ifdef HAVE_INTTYPES_H
| # include <inttypes.h>
| #endif
| #ifdef HAVE_STDINT_H
| # include <stdint.h>
| #endif
| #ifdef HAVE_UNISTD_H
| # include <unistd.h>
| #endif
| int
| main ()
| {
| if (sizeof ((u_int16_t)))
| 	    return 0;
|   ;
|   return 0;
| }
configure:16535: result: yes
configure:16542: checking for __uint16
configure:16542: g++ -c -g -O2 -I/home/mi/Project/GLOG/installed/include -fpermissive -fPIC conftest.cpp >&5
conftest.cpp: In function 'int main()':
conftest.cpp:70:13: error: '__uint16' was not declared in this scope
 if (sizeof (__uint16))
             ^~~~~~~~
conftest.cpp:70:13: note: suggested alternative: '__uint16_t'
 if (sizeof (__uint16))
             ^~~~~~~~
             __uint16_t
configure:16542: $? = 1
configure: failed program was:
| /* confdefs.h */
| #define PACKAGE_NAME "glog"
| #define PACKAGE_TARNAME "glog"
| #define PACKAGE_VERSION "0.3.3"
| #define PACKAGE_STRING "glog 0.3.3"
| #define PACKAGE_BUGREPORT "opensource@google.com"
| #define PACKAGE_URL ""
| #define PACKAGE "glog"
| #define VERSION "0.3.3"
| #define HAVE_SYS_TYPES_H 1
| #define HAVE_SYS_STAT_H 1
| #define HAVE_STDLIB_H 1
| #define HAVE_STRING_H 1
| #define HAVE_MEMORY_H 1
| #define HAVE_STRINGS_H 1
| #define HAVE_INTTYPES_H 1
| #define HAVE_STDINT_H 1
| #define HAVE_UNISTD_H 1
| #define HAVE_DLFCN_H 1
| #define LT_OBJDIR ".libs/"
| #define HAVE_UNISTD_H 1
| #define HAVE_SYSCALL_H 1
| #define HAVE_SYS_SYSCALL_H 1
| #define HAVE_EXECINFO_H 1
| #define HAVE_UCONTEXT_H 1
| #define HAVE_SYS_UTSNAME_H 1
| #define HAVE_PWD_H 1
| #define HAVE_SYSLOG_H 1
| #define HAVE_SYS_TIME_H 1
| #define HAVE_GLOB_H 1
| #define HAVE_UNWIND_H 1
| #define SIZEOF_VOID_P 8
| /* end confdefs.h.  */
| #include <stdio.h>
| #ifdef HAVE_SYS_TYPES_H
| # include <sys/types.h>
| #endif
| #ifdef HAVE_SYS_STAT_H
| # include <sys/stat.h>
| #endif
| #ifdef STDC_HEADERS
| # include <stdlib.h>
| # include <stddef.h>
| #else
| # ifdef HAVE_STDLIB_H
| #  include <stdlib.h>
| # endif
| #endif
| #ifdef HAVE_STRING_H
| # if !defined STDC_HEADERS && defined HAVE_MEMORY_H
| #  include <memory.h>
| # endif
| # include <string.h>
| #endif
| #ifdef HAVE_STRINGS_H
| # include <strings.h>
| #endif
| #ifdef HAVE_INTTYPES_H
| # include <inttypes.h>
| #endif
| #ifdef HAVE_STDINT_H
| # include <stdint.h>
| #endif
| #ifdef HAVE_UNISTD_H
| # include <unistd.h>
| #endif
| int
| main ()
| {
| if (sizeof (__uint16))
| 	 return 0;
|   ;
|   return 0;
| }
configure:16542: result: no
configure:16550: checking for sigaltstack
configure:16550: g++ -o conftest -g -O2 -I/home/mi/Project/GLOG/installed/include -fpermissive -fPIC -L/home/mi/Project/GLOG/installed/lib conftest.cpp  >&5
configure:16550: $? = 0
configure:16550: result: yes
configure:16557: checking for dladdr
configure:16557: g++ -o conftest -g -O2 -I/home/mi/Project/GLOG/installed/include -fpermissive -fPIC -L/home/mi/Project/GLOG/installed/lib conftest.cpp  >&5
/tmp/ccDjnZNb.o: In function `main':
/home/mi/Project/GLOG/src/glog-0.3.3/conftest.cpp:69: undefined reference to `dladdr'
collect2: error: ld returned 1 exit status
configure:16557: $? = 1
configure: failed program was:
| /* confdefs.h */
| #define PACKAGE_NAME "glog"
| #define PACKAGE_TARNAME "glog"
| #define PACKAGE_VERSION "0.3.3"
| #define PACKAGE_STRING "glog 0.3.3"
| #define PACKAGE_BUGREPORT "opensource@google.com"
| #define PACKAGE_URL ""
| #define PACKAGE "glog"
| #define VERSION "0.3.3"
| #define HAVE_SYS_TYPES_H 1
| #define HAVE_SYS_STAT_H 1
| #define HAVE_STDLIB_H 1
| #define HAVE_STRING_H 1
| #define HAVE_MEMORY_H 1
| #define HAVE_STRINGS_H 1
| #define HAVE_INTTYPES_H 1
| #define HAVE_STDINT_H 1
| #define HAVE_UNISTD_H 1
| #define HAVE_DLFCN_H 1
| #define LT_OBJDIR ".libs/"
| #define HAVE_UNISTD_H 1
| #define HAVE_SYSCALL_H 1
| #define HAVE_SYS_SYSCALL_H 1
| #define HAVE_EXECINFO_H 1
| #define HAVE_UCONTEXT_H 1
| #define HAVE_SYS_UTSNAME_H 1
| #define HAVE_PWD_H 1
| #define HAVE_SYSLOG_H 1
| #define HAVE_SYS_TIME_H 1
| #define HAVE_GLOB_H 1
| #define HAVE_UNWIND_H 1
| #define SIZEOF_VOID_P 8
| #define HAVE_SIGALTSTACK 1
| /* end confdefs.h.  */
| /* Define dladdr to an innocuous variant, in case <limits.h> declares dladdr.
|    For example, HP-UX 11i <limits.h> declares gettimeofday.  */
| #define dladdr innocuous_dladdr
| 
| /* System header to define __stub macros and hopefully few prototypes,
|     which can conflict with char dladdr (); below.
|     Prefer <limits.h> to <assert.h> if __STDC__ is defined, since
|     <limits.h> exists even on freestanding compilers.  */
| 
| #ifdef __STDC__
| # include <limits.h>
| #else
| # include <assert.h>
| #endif
| 
| #undef dladdr
| 
| /* Override any GCC internal prototype to avoid an error.
|    Use char because int might match the return type of a GCC
|    builtin and then its argument prototype would still apply.  */
| #ifdef __cplusplus
| extern "C"
| #endif
| char dladdr ();
| /* The GNU C library defines this for functions which it implements
|     to always fail with ENOSYS.  Some functions are actually named
|     something starting with __ and the normal name is an alias.  */
| #if defined __stub_dladdr || defined __stub___dladdr
| choke me
| #endif
| 
| int
| main ()
| {
| return dladdr ();
|   ;
|   return 0;
| }
configure:16557: result: no
configure:16564: checking for fcntl
configure:16564: g++ -o conftest -g -O2 -I/home/mi/Project/GLOG/installed/include -fpermissive -fPIC -L/home/mi/Project/GLOG/installed/lib conftest.cpp  >&5
configure:16564: $? = 0
configure:16564: result: yes
configure:16573: checking for __attribute__
configure:16592: g++ -c -g -O2 -I/home/mi/Project/GLOG/installed/include -fpermissive -fPIC conftest.cpp >&5
configure:16592: $? = 0
configure:16606: result: yes
configure:16621: checking for __builtin_expect
configure:16638: g++ -c -g -O2 -I/home/mi/Project/GLOG/installed/include -fpermissive -fPIC conftest.cpp >&5
configure:16638: $? = 0
configure:16652: result: yes
configure:16662: checking for __sync_val_compare_and_swap
configure:16679: g++ -o conftest -g -O2 -I/home/mi/Project/GLOG/installed/include -fpermissive -fPIC -L/home/mi/Project/GLOG/installed/lib conftest.cpp  >&5
configure:16679: $? = 0
configure:16694: result: yes
configure:16718: g++ -c -g -O2 -I/home/mi/Project/GLOG/installed/include -fpermissive -fPIC conftest.cpp >&5
configure:16718: $? = 0
configure:16926: checking for the pthreads library -lpthreads
configure:16959: gcc -o conftest -fPIC  -I/home/mi/Project/GLOG/installed/include -fpermissive -fPIC -L/home/mi/Project/GLOG/installed/lib conftest.c -lpthreads  >&5
cc1: warning: command line option '-fpermissive' is valid for C++/ObjC++ but not for C
conftest.c: In function 'main':
conftest.c:44:22: warning: null argument where non-null required (argument 1) [-Wnonnull]
                      pthread_attr_init(0); pthread_cleanup_push(0, 0);
                      ^~~~~~~~~~~~~~~~~
conftest.c:45:22: warning: null argument where non-null required (argument 1) [-Wnonnull]
                      pthread_create(0,0,0,0); pthread_cleanup_pop(0);
                      ^~~~~~~~~~~~~~
conftest.c:45:22: warning: null argument where non-null required (argument 3) [-Wnonnull]
/usr/bin/ld: cannot find -lpthreads
collect2: error: ld returned 1 exit status
configure:16959: $? = 1
configure: failed program was:
| /* confdefs.h */
| #define PACKAGE_NAME "glog"
| #define PACKAGE_TARNAME "glog"
| #define PACKAGE_VERSION "0.3.3"
| #define PACKAGE_STRING "glog 0.3.3"
| #define PACKAGE_BUGREPORT "opensource@google.com"
| #define PACKAGE_URL ""
| #define PACKAGE "glog"
| #define VERSION "0.3.3"
| #define HAVE_SYS_TYPES_H 1
| #define HAVE_SYS_STAT_H 1
| #define HAVE_STDLIB_H 1
| #define HAVE_STRING_H 1
| #define HAVE_MEMORY_H 1
| #define HAVE_STRINGS_H 1
| #define HAVE_INTTYPES_H 1
| #define HAVE_STDINT_H 1
| #define HAVE_UNISTD_H 1
| #define HAVE_DLFCN_H 1
| #define LT_OBJDIR ".libs/"
| #define HAVE_UNISTD_H 1
| #define HAVE_SYSCALL_H 1
| #define HAVE_SYS_SYSCALL_H 1
| #define HAVE_EXECINFO_H 1
| #define HAVE_UCONTEXT_H 1
| #define HAVE_SYS_UTSNAME_H 1
| #define HAVE_PWD_H 1
| #define HAVE_SYSLOG_H 1
| #define HAVE_SYS_TIME_H 1
| #define HAVE_GLOB_H 1
| #define HAVE_UNWIND_H 1
| #define SIZEOF_VOID_P 8
| #define HAVE_SIGALTSTACK 1
| #define HAVE_FCNTL 1
| #define HAVE___ATTRIBUTE__ 1
| #define HAVE___BUILTIN_EXPECT 1
| #define HAVE___SYNC_VAL_COMPARE_AND_SWAP 1
| /* end confdefs.h.  */
| #include <pthread.h>
| int
| main ()
| {
| pthread_t th; pthread_join(th, 0);
|                      pthread_attr_init(0); pthread_cleanup_push(0, 0);
|                      pthread_create(0,0,0,0); pthread_cleanup_pop(0);
|   ;
|   return 0;
| }
configure:16968: result: no
configure:16871: checking whether pthreads work without any flags
configure:16959: gcc -o conftest -fPIC  -I/home/mi/Project/GLOG/installed/include -fpermissive -fPIC -L/home/mi/Project/GLOG/installed/lib conftest.c   >&5
cc1: warning: command line option '-fpermissive' is valid for C++/ObjC++ but not for C
conftest.c: In function 'main':
conftest.c:44:22: warning: null argument where non-null required (argument 1) [-Wnonnull]
                      pthread_attr_init(0); pthread_cleanup_push(0, 0);
                      ^~~~~~~~~~~~~~~~~
conftest.c:45:22: warning: null argument where non-null required (argument 1) [-Wnonnull]
                      pthread_create(0,0,0,0); pthread_cleanup_pop(0);
                      ^~~~~~~~~~~~~~
conftest.c:45:22: warning: null argument where non-null required (argument 3) [-Wnonnull]
/tmp/ccDQ5x5n.o: In function `main':
conftest.c:(.text+0x27): undefined reference to `pthread_join'
conftest.c:(.text+0x90): undefined reference to `__pthread_register_cancel'
conftest.c:(.text+0xa9): undefined reference to `pthread_create'
conftest.c:(.text+0xb5): undefined reference to `__pthread_unregister_cancel'
collect2: error: ld returned 1 exit status
configure:16959: $? = 1
configure: failed program was:
| /* confdefs.h */
| #define PACKAGE_NAME "glog"
| #define PACKAGE_TARNAME "glog"
| #define PACKAGE_VERSION "0.3.3"
| #define PACKAGE_STRING "glog 0.3.3"
| #define PACKAGE_BUGREPORT "opensource@google.com"
| #define PACKAGE_URL ""
| #define PACKAGE "glog"
| #define VERSION "0.3.3"
| #define HAVE_SYS_TYPES_H 1
| #define HAVE_SYS_STAT_H 1
| #define HAVE_STDLIB_H 1
| #define HAVE_STRING_H 1
| #define HAVE_MEMORY_H 1
| #define HAVE_STRINGS_H 1
| #define HAVE_INTTYPES_H 1
| #define HAVE_STDINT_H 1
| #define HAVE_UNISTD_H 1
| #define HAVE_DLFCN_H 1
| #define LT_OBJDIR ".libs/"
| #define HAVE_UNISTD_H 1
| #define HAVE_SYSCALL_H 1
| #define HAVE_SYS_SYSCALL_H 1
| #define HAVE_EXECINFO_H 1
| #define HAVE_UCONTEXT_H 1
| #define HAVE_SYS_UTSNAME_H 1
| #define HAVE_PWD_H 1
| #define HAVE_SYSLOG_H 1
| #define HAVE_SYS_TIME_H 1
| #define HAVE_GLOB_H 1
| #define HAVE_UNWIND_H 1
| #define SIZEOF_VOID_P 8
| #define HAVE_SIGALTSTACK 1
| #define HAVE_FCNTL 1
| #define HAVE___ATTRIBUTE__ 1
| #define HAVE___BUILTIN_EXPECT 1
| #define HAVE___SYNC_VAL_COMPARE_AND_SWAP 1
| /* end confdefs.h.  */
| #include <pthread.h>
| int
| main ()
| {
| pthread_t th; pthread_join(th, 0);
|                      pthread_attr_init(0); pthread_cleanup_push(0, 0);
|                      pthread_create(0,0,0,0); pthread_cleanup_pop(0);
|   ;
|   return 0;
| }
configure:16968: result: no
configure:16876: checking whether pthreads work with -Kthread
configure:16959: gcc -o conftest -fPIC -Kthread -I/home/mi/Project/GLOG/installed/include -fpermissive -fPIC -L/home/mi/Project/GLOG/installed/lib conftest.c   >&5
gcc: error: unrecognized command line option '-Kthread'; did you mean '-pthread'?
configure:16959: $? = 1
configure: failed program was:
| /* confdefs.h */
| #define PACKAGE_NAME "glog"
| #define PACKAGE_TARNAME "glog"
| #define PACKAGE_VERSION "0.3.3"
| #define PACKAGE_STRING "glog 0.3.3"
| #define PACKAGE_BUGREPORT "opensource@google.com"
| #define PACKAGE_URL ""
| #define PACKAGE "glog"
| #define VERSION "0.3.3"
| #define HAVE_SYS_TYPES_H 1
| #define HAVE_SYS_STAT_H 1
| #define HAVE_STDLIB_H 1
| #define HAVE_STRING_H 1
| #define HAVE_MEMORY_H 1
| #define HAVE_STRINGS_H 1
| #define HAVE_INTTYPES_H 1
| #define HAVE_STDINT_H 1
| #define HAVE_UNISTD_H 1
| #define HAVE_DLFCN_H 1
| #define LT_OBJDIR ".libs/"
| #define HAVE_UNISTD_H 1
| #define HAVE_SYSCALL_H 1
| #define HAVE_SYS_SYSCALL_H 1
| #define HAVE_EXECINFO_H 1
| #define HAVE_UCONTEXT_H 1
| #define HAVE_SYS_UTSNAME_H 1
| #define HAVE_PWD_H 1
| #define HAVE_SYSLOG_H 1
| #define HAVE_SYS_TIME_H 1
| #define HAVE_GLOB_H 1
| #define HAVE_UNWIND_H 1
| #define SIZEOF_VOID_P 8
| #define HAVE_SIGALTSTACK 1
| #define HAVE_FCNTL 1
| #define HAVE___ATTRIBUTE__ 1
| #define HAVE___BUILTIN_EXPECT 1
| #define HAVE___SYNC_VAL_COMPARE_AND_SWAP 1
| /* end confdefs.h.  */
| #include <pthread.h>
| int
| main ()
| {
| pthread_t th; pthread_join(th, 0);
|                      pthread_attr_init(0); pthread_cleanup_push(0, 0);
|                      pthread_create(0,0,0,0); pthread_cleanup_pop(0);
|   ;
|   return 0;
| }
configure:16968: result: no
configure:16876: checking whether pthreads work with -kthread
configure:16959: gcc -o conftest -fPIC -kthread -I/home/mi/Project/GLOG/installed/include -fpermissive -fPIC -L/home/mi/Project/GLOG/installed/lib conftest.c   >&5
gcc: error: unrecognized command line option '-kthread'; did you mean '-pthread'?
configure:16959: $? = 1
configure: failed program was:
| /* confdefs.h */
| #define PACKAGE_NAME "glog"
| #define PACKAGE_TARNAME "glog"
| #define PACKAGE_VERSION "0.3.3"
| #define PACKAGE_STRING "glog 0.3.3"
| #define PACKAGE_BUGREPORT "opensource@google.com"
| #define PACKAGE_URL ""
| #define PACKAGE "glog"
| #define VERSION "0.3.3"
| #define HAVE_SYS_TYPES_H 1
| #define HAVE_SYS_STAT_H 1
| #define HAVE_STDLIB_H 1
| #define HAVE_STRING_H 1
| #define HAVE_MEMORY_H 1
| #define HAVE_STRINGS_H 1
| #define HAVE_INTTYPES_H 1
| #define HAVE_STDINT_H 1
| #define HAVE_UNISTD_H 1
| #define HAVE_DLFCN_H 1
| #define LT_OBJDIR ".libs/"
| #define HAVE_UNISTD_H 1
| #define HAVE_SYSCALL_H 1
| #define HAVE_SYS_SYSCALL_H 1
| #define HAVE_EXECINFO_H 1
| #define HAVE_UCONTEXT_H 1
| #define HAVE_SYS_UTSNAME_H 1
| #define HAVE_PWD_H 1
| #define HAVE_SYSLOG_H 1
| #define HAVE_SYS_TIME_H 1
| #define HAVE_GLOB_H 1
| #define HAVE_UNWIND_H 1
| #define SIZEOF_VOID_P 8
| #define HAVE_SIGALTSTACK 1
| #define HAVE_FCNTL 1
| #define HAVE___ATTRIBUTE__ 1
| #define HAVE___BUILTIN_EXPECT 1
| #define HAVE___SYNC_VAL_COMPARE_AND_SWAP 1
| /* end confdefs.h.  */
| #include <pthread.h>
| int
| main ()
| {
| pthread_t th; pthread_join(th, 0);
|                      pthread_attr_init(0); pthread_cleanup_push(0, 0);
|                      pthread_create(0,0,0,0); pthread_cleanup_pop(0);
|   ;
|   return 0;
| }
configure:16968: result: no
configure:16926: checking for the pthreads library -llthread
configure:16959: gcc -o conftest -fPIC  -I/home/mi/Project/GLOG/installed/include -fpermissive -fPIC -L/home/mi/Project/GLOG/installed/lib conftest.c -llthread  >&5
cc1: warning: command line option '-fpermissive' is valid for C++/ObjC++ but not for C
conftest.c: In function 'main':
conftest.c:44:22: warning: null argument where non-null required (argument 1) [-Wnonnull]
                      pthread_attr_init(0); pthread_cleanup_push(0, 0);
                      ^~~~~~~~~~~~~~~~~
conftest.c:45:22: warning: null argument where non-null required (argument 1) [-Wnonnull]
                      pthread_create(0,0,0,0); pthread_cleanup_pop(0);
                      ^~~~~~~~~~~~~~
conftest.c:45:22: warning: null argument where non-null required (argument 3) [-Wnonnull]
/usr/bin/ld: cannot find -llthread
collect2: error: ld returned 1 exit status
configure:16959: $? = 1
configure: failed program was:
| /* confdefs.h */
| #define PACKAGE_NAME "glog"
| #define PACKAGE_TARNAME "glog"
| #define PACKAGE_VERSION "0.3.3"
| #define PACKAGE_STRING "glog 0.3.3"
| #define PACKAGE_BUGREPORT "opensource@google.com"
| #define PACKAGE_URL ""
| #define PACKAGE "glog"
| #define VERSION "0.3.3"
| #define HAVE_SYS_TYPES_H 1
| #define HAVE_SYS_STAT_H 1
| #define HAVE_STDLIB_H 1
| #define HAVE_STRING_H 1
| #define HAVE_MEMORY_H 1
| #define HAVE_STRINGS_H 1
| #define HAVE_INTTYPES_H 1
| #define HAVE_STDINT_H 1
| #define HAVE_UNISTD_H 1
| #define HAVE_DLFCN_H 1
| #define LT_OBJDIR ".libs/"
| #define HAVE_UNISTD_H 1
| #define HAVE_SYSCALL_H 1
| #define HAVE_SYS_SYSCALL_H 1
| #define HAVE_EXECINFO_H 1
| #define HAVE_UCONTEXT_H 1
| #define HAVE_SYS_UTSNAME_H 1
| #define HAVE_PWD_H 1
| #define HAVE_SYSLOG_H 1
| #define HAVE_SYS_TIME_H 1
| #define HAVE_GLOB_H 1
| #define HAVE_UNWIND_H 1
| #define SIZEOF_VOID_P 8
| #define HAVE_SIGALTSTACK 1
| #define HAVE_FCNTL 1
| #define HAVE___ATTRIBUTE__ 1
| #define HAVE___BUILTIN_EXPECT 1
| #define HAVE___SYNC_VAL_COMPARE_AND_SWAP 1
| /* end confdefs.h.  */
| #include <pthread.h>
| int
| main ()
| {
| pthread_t th; pthread_join(th, 0);
|                      pthread_attr_init(0); pthread_cleanup_push(0, 0);
|                      pthread_create(0,0,0,0); pthread_cleanup_pop(0);
|   ;
|   return 0;
| }
configure:16968: result: no
configure:16876: checking whether pthreads work with -pthread
configure:16959: gcc -o conftest -fPIC -pthread -I/home/mi/Project/GLOG/installed/include -fpermissive -fPIC -L/home/mi/Project/GLOG/installed/lib conftest.c   >&5
cc1: warning: command line option '-fpermissive' is valid for C++/ObjC++ but not for C
conftest.c: In function 'main':
conftest.c:44:22: warning: null argument where non-null required (argument 1) [-Wnonnull]
                      pthread_attr_init(0); pthread_cleanup_push(0, 0);
                      ^~~~~~~~~~~~~~~~~
conftest.c:45:22: warning: null argument where non-null required (argument 1) [-Wnonnull]
                      pthread_create(0,0,0,0); pthread_cleanup_pop(0);
                      ^~~~~~~~~~~~~~
conftest.c:45:22: warning: null argument where non-null required (argument 3) [-Wnonnull]
configure:16959: $? = 0
configure:16968: result: yes
configure:16987: checking for joinable pthread attribute
configure:17002: gcc -o conftest -fPIC -pthread -I/home/mi/Project/GLOG/installed/include -fpermissive -fPIC -L/home/mi/Project/GLOG/installed/lib conftest.c   >&5
cc1: warning: command line option '-fpermissive' is valid for C++/ObjC++ but not for C
configure:17002: $? = 0
configure:17008: result: PTHREAD_CREATE_JOINABLE
configure:17018: checking if more special flags are required for pthreads
configure:17025: result: no
configure:17114: checking whether to check for GCC pthread/shared inconsistencies
configure:17127: gcc -o conftest -shared -fPIC -Wl,-z,defs -fPIC -pthread -I/home/mi/Project/GLOG/installed/include -fpermissive -fPIC -L/home/mi/Project/GLOG/installed/lib conftest.c   >&5
cc1: warning: command line option '-fpermissive' is valid for C++/ObjC++ but not for C
configure:17127: $? = 0
configure:17139: result: yes
configure:17145: checking whether -pthread is sufficient with -shared
configure:17160: gcc -o conftest -shared -fPIC -Wl,-z,defs -fPIC -pthread -I/home/mi/Project/GLOG/installed/include -fpermissive -fPIC -L/home/mi/Project/GLOG/installed/lib conftest.c   >&5
cc1: warning: command line option '-fpermissive' is valid for C++/ObjC++ but not for C
conftest.c: In function 'main':
conftest.c:44:8: warning: null argument where non-null required (argument 1) [-Wnonnull]
        pthread_attr_init(0); pthread_cleanup_push(0, 0);
        ^~~~~~~~~~~~~~~~~
conftest.c:45:8: warning: null argument where non-null required (argument 1) [-Wnonnull]
        pthread_create(0,0,0,0); pthread_cleanup_pop(0);
        ^~~~~~~~~~~~~~
conftest.c:45:8: warning: null argument where non-null required (argument 3) [-Wnonnull]
configure:17160: $? = 0
configure:17167: result: yes
configure:17286: checking for pthread_self in -lpthread
configure:17311: g++ -o conftest -g -O2 -I/home/mi/Project/GLOG/installed/include -fpermissive -fPIC -L/home/mi/Project/GLOG/installed/lib conftest.cpp -lpthread   >&5
configure:17311: $? = 0
configure:17320: result: yes
configure:17346: checking for main in -lgflags
configure:17365: g++ -o conftest -g -O2 -I/home/mi/Project/GLOG/installed/include -fpermissive -fPIC -L/home/mi/Project/GLOG/installed/lib conftest.cpp -lgflags  -lpthread  >&5
configure:17365: $? = 0
configure:17374: result: yes
configure:17401: checking for gtest-config
configure:17431: result: no
configure:17563: checking support for pthread_rwlock_* functions
configure:17589: gcc -c -fPIC -I/home/mi/Project/GLOG/installed/include -fpermissive -fPIC conftest.c >&5
cc1: warning: command line option '-fpermissive' is valid for C++/ObjC++ but not for C
configure:17589: $? = 0
configure:17603: result: yes
configure:17614: checking whether the compiler implements namespaces
configure:17638: g++ -c -g -O2 -I/home/mi/Project/GLOG/installed/include -fpermissive -fPIC conftest.cpp >&5
configure:17638: $? = 0
configure:17651: result: yes
configure:17658: checking what namespace STL code is in
configure:17682: g++ -c -g -O2 -I/home/mi/Project/GLOG/installed/include -fpermissive -fPIC conftest.cpp >&5
conftest.cpp: In function 'int main()':
conftest.cpp:48:1: error: 'vector' was not declared in this scope
 vector<int> t; return 0;
 ^~~~~~
conftest.cpp:48:1: note: suggested alternative:
In file included from /usr/include/c++/7/vector:64:0,
                 from conftest.cpp:44:
/usr/include/c++/7/bits/stl_vector.h:216:11: note:   'std::vector'
     class vector : protected _Vector_base<_Tp, _Alloc>
           ^~~~~~
conftest.cpp:48:8: error: expected primary-expression before 'int'
 vector<int> t; return 0;
        ^~~
configure:17682: $? = 1
configure: failed program was:
| /* confdefs.h */
| #define PACKAGE_NAME "glog"
| #define PACKAGE_TARNAME "glog"
| #define PACKAGE_VERSION "0.3.3"
| #define PACKAGE_STRING "glog 0.3.3"
| #define PACKAGE_BUGREPORT "opensource@google.com"
| #define PACKAGE_URL ""
| #define PACKAGE "glog"
| #define VERSION "0.3.3"
| #define HAVE_SYS_TYPES_H 1
| #define HAVE_SYS_STAT_H 1
| #define HAVE_STDLIB_H 1
| #define HAVE_STRING_H 1
| #define HAVE_MEMORY_H 1
| #define HAVE_STRINGS_H 1
| #define HAVE_INTTYPES_H 1
| #define HAVE_STDINT_H 1
| #define HAVE_UNISTD_H 1
| #define HAVE_DLFCN_H 1
| #define LT_OBJDIR ".libs/"
| #define HAVE_UNISTD_H 1
| #define HAVE_SYSCALL_H 1
| #define HAVE_SYS_SYSCALL_H 1
| #define HAVE_EXECINFO_H 1
| #define HAVE_UCONTEXT_H 1
| #define HAVE_SYS_UTSNAME_H 1
| #define HAVE_PWD_H 1
| #define HAVE_SYSLOG_H 1
| #define HAVE_SYS_TIME_H 1
| #define HAVE_GLOB_H 1
| #define HAVE_UNWIND_H 1
| #define SIZEOF_VOID_P 8
| #define HAVE_SIGALTSTACK 1
| #define HAVE_FCNTL 1
| #define HAVE___ATTRIBUTE__ 1
| #define HAVE___BUILTIN_EXPECT 1
| #define HAVE___SYNC_VAL_COMPARE_AND_SWAP 1
| #define HAVE_PTHREAD 1
| #define HAVE_LIBPTHREAD 1
| #define HAVE_LIB_GFLAGS 1
| #define HAVE_RWLOCK 1
| #define HAVE_NAMESPACES 1
| /* end confdefs.h.  */
| #include <vector>
| int
| main ()
| {
| vector<int> t; return 0;
|   ;
|   return 0;
| }
configure:17697: g++ -c -g -O2 -I/home/mi/Project/GLOG/installed/include -fpermissive -fPIC conftest.cpp >&5
configure:17697: $? = 0
configure:17708: result: std
configure:17759: checking whether compiler supports using ::operator<<
configure:17783: g++ -c -g -O2 -I/home/mi/Project/GLOG/installed/include -fpermissive -fPIC conftest.cpp >&5
configure:17783: $? = 0
configure:17796: result: 1
configure:17806: checking for ucontext.h
configure:17806: result: yes
configure:17818: checking sys/ucontext.h usability
configure:17818: g++ -c -g -O2 -I/home/mi/Project/GLOG/installed/include -fpermissive -fPIC conftest.cpp >&5
configure:17818: $? = 0
configure:17818: result: yes
configure:17818: checking sys/ucontext.h presence
configure:17818: g++ -E -I/home/mi/Project/GLOG/installed/include -fpermissive -fPIC conftest.cpp
configure:17818: $? = 0
configure:17818: result: yes
configure:17818: checking for sys/ucontext.h
configure:17818: result: yes
configure:17828: checking how to access the program counter from a struct ucontext
configure:17863: g++ -c -g -O2 -I/home/mi/Project/GLOG/installed/include -fpermissive -fPIC conftest.cpp >&5
conftest.cpp: In function 'int main()':
conftest.cpp:56:42: error: 'REG_PC' was not declared in this scope
 ucontext_t u; return u.uc_mcontext.gregs[REG_PC] == 0;
                                          ^~~~~~
conftest.cpp:56:42: note: suggested alternative: 'REG_RCX'
 ucontext_t u; return u.uc_mcontext.gregs[REG_PC] == 0;
                                          ^~~~~~
                                          REG_RCX
configure:17863: $? = 1
configure: failed program was:
| /* confdefs.h */
| #define PACKAGE_NAME "glog"
| #define PACKAGE_TARNAME "glog"
| #define PACKAGE_VERSION "0.3.3"
| #define PACKAGE_STRING "glog 0.3.3"
| #define PACKAGE_BUGREPORT "opensource@google.com"
| #define PACKAGE_URL ""
| #define PACKAGE "glog"
| #define VERSION "0.3.3"
| #define HAVE_SYS_TYPES_H 1
| #define HAVE_SYS_STAT_H 1
| #define HAVE_STDLIB_H 1
| #define HAVE_STRING_H 1
| #define HAVE_MEMORY_H 1
| #define HAVE_STRINGS_H 1
| #define HAVE_INTTYPES_H 1
| #define HAVE_STDINT_H 1
| #define HAVE_UNISTD_H 1
| #define HAVE_DLFCN_H 1
| #define LT_OBJDIR ".libs/"
| #define HAVE_UNISTD_H 1
| #define HAVE_SYSCALL_H 1
| #define HAVE_SYS_SYSCALL_H 1
| #define HAVE_EXECINFO_H 1
| #define HAVE_UCONTEXT_H 1
| #define HAVE_SYS_UTSNAME_H 1
| #define HAVE_PWD_H 1
| #define HAVE_SYSLOG_H 1
| #define HAVE_SYS_TIME_H 1
| #define HAVE_GLOB_H 1
| #define HAVE_UNWIND_H 1
| #define SIZEOF_VOID_P 8
| #define HAVE_SIGALTSTACK 1
| #define HAVE_FCNTL 1
| #define HAVE___ATTRIBUTE__ 1
| #define HAVE___BUILTIN_EXPECT 1
| #define HAVE___SYNC_VAL_COMPARE_AND_SWAP 1
| #define HAVE_PTHREAD 1
| #define HAVE_LIBPTHREAD 1
| #define HAVE_LIB_GFLAGS 1
| #define HAVE_RWLOCK 1
| #define HAVE_NAMESPACES 1
| #define STL_NAMESPACE std
| #define GOOGLE_NAMESPACE google
| #define _START_GOOGLE_NAMESPACE_ namespace google {
| #define _END_GOOGLE_NAMESPACE_ }
| #define HAVE_USING_OPERATOR 1
| #define HAVE_UCONTEXT_H 1
| #define HAVE_SYS_UCONTEXT_H 1
| /* end confdefs.h.  */
| #define _GNU_SOURCE 1
|                          #include <sys/ucontext.h>
| int
| main ()
| {
| ucontext_t u; return u.uc_mcontext.gregs[REG_PC] == 0;
|   ;
|   return 0;
| }
configure:17863: g++ -c -g -O2 -I/home/mi/Project/GLOG/installed/include -fpermissive -fPIC conftest.cpp >&5
conftest.cpp: In function 'int main()':
conftest.cpp:56:42: error: 'REG_EIP' was not declared in this scope
 ucontext_t u; return u.uc_mcontext.gregs[REG_EIP] == 0;
                                          ^~~~~~~
conftest.cpp:56:42: note: suggested alternative: 'REG_RIP'
 ucontext_t u; return u.uc_mcontext.gregs[REG_EIP] == 0;
                                          ^~~~~~~
                                          REG_RIP
configure:17863: $? = 1
configure: failed program was:
| /* confdefs.h */
| #define PACKAGE_NAME "glog"
| #define PACKAGE_TARNAME "glog"
| #define PACKAGE_VERSION "0.3.3"
| #define PACKAGE_STRING "glog 0.3.3"
| #define PACKAGE_BUGREPORT "opensource@google.com"
| #define PACKAGE_URL ""
| #define PACKAGE "glog"
| #define VERSION "0.3.3"
| #define HAVE_SYS_TYPES_H 1
| #define HAVE_SYS_STAT_H 1
| #define HAVE_STDLIB_H 1
| #define HAVE_STRING_H 1
| #define HAVE_MEMORY_H 1
| #define HAVE_STRINGS_H 1
| #define HAVE_INTTYPES_H 1
| #define HAVE_STDINT_H 1
| #define HAVE_UNISTD_H 1
| #define HAVE_DLFCN_H 1
| #define LT_OBJDIR ".libs/"
| #define HAVE_UNISTD_H 1
| #define HAVE_SYSCALL_H 1
| #define HAVE_SYS_SYSCALL_H 1
| #define HAVE_EXECINFO_H 1
| #define HAVE_UCONTEXT_H 1
| #define HAVE_SYS_UTSNAME_H 1
| #define HAVE_PWD_H 1
| #define HAVE_SYSLOG_H 1
| #define HAVE_SYS_TIME_H 1
| #define HAVE_GLOB_H 1
| #define HAVE_UNWIND_H 1
| #define SIZEOF_VOID_P 8
| #define HAVE_SIGALTSTACK 1
| #define HAVE_FCNTL 1
| #define HAVE___ATTRIBUTE__ 1
| #define HAVE___BUILTIN_EXPECT 1
| #define HAVE___SYNC_VAL_COMPARE_AND_SWAP 1
| #define HAVE_PTHREAD 1
| #define HAVE_LIBPTHREAD 1
| #define HAVE_LIB_GFLAGS 1
| #define HAVE_RWLOCK 1
| #define HAVE_NAMESPACES 1
| #define STL_NAMESPACE std
| #define GOOGLE_NAMESPACE google
| #define _START_GOOGLE_NAMESPACE_ namespace google {
| #define _END_GOOGLE_NAMESPACE_ }
| #define HAVE_USING_OPERATOR 1
| #define HAVE_UCONTEXT_H 1
| #define HAVE_SYS_UCONTEXT_H 1
| /* end confdefs.h.  */
| #define _GNU_SOURCE 1
|                          #include <sys/ucontext.h>
| int
| main ()
| {
| ucontext_t u; return u.uc_mcontext.gregs[REG_EIP] == 0;
|   ;
|   return 0;
| }
configure:17863: g++ -c -g -O2 -I/home/mi/Project/GLOG/installed/include -fpermissive -fPIC conftest.cpp >&5
configure:17863: $? = 0
configure:17869: result: uc_mcontext.gregs[REG_RIP]
configure:18079: checking that generated files are newer than configure
configure:18085: result: done
configure:18132: creating ./config.status

## ---------------------- ##
## Running config.status. ##
## ---------------------- ##

This file was extended by glog config.status 0.3.3, which was
generated by GNU Autoconf 2.69.  Invocation command line was

  CONFIG_FILES    = 
  CONFIG_HEADERS  = 
  CONFIG_LINKS    = 
  CONFIG_COMMANDS = 
  $ ./config.status 

on mi

config.status:1222: creating Makefile
config.status:1222: creating src/glog/logging.h
config.status:1222: creating src/glog/raw_logging.h
config.status:1222: creating src/glog/vlog_is_on.h
config.status:1222: creating src/glog/stl_logging.h
config.status:1222: creating libglog.pc
config.status:1222: creating src/config.h
config.status:1451: executing depfiles commands
config.status:1451: executing libtool commands

## ---------------- ##
## Cache variables. ##
## ---------------- ##

ac_cv___attribute__=yes
ac_cv___attribute___noinline='__attribute__ ((noinline))'
ac_cv___attribute___noreturn='__attribute__ ((noreturn))'
ac_cv___attribute___printf_4_5='__attribute__((__format__ (__printf__, 4, 5)))'
ac_cv___builtin_expect=yes
ac_cv___sync_val_compare_and_swap=yes
ac_cv_build=x86_64-pc-linux-gnu
ac_cv_c_compiler_gnu=yes
ac_cv_cxx_compiler_gnu=yes
ac_cv_cxx_namespaces=yes
ac_cv_cxx_stl_namespace=std
ac_cv_cxx_using_operator=1
ac_cv_env_CCC_set=
ac_cv_env_CCC_value=
ac_cv_env_CC_set=
ac_cv_env_CC_value=
ac_cv_env_CFLAGS_set=set
ac_cv_env_CFLAGS_value=-fPIC
ac_cv_env_CPPFLAGS_set=set
ac_cv_env_CPPFLAGS_value='-I/home/mi/Project/GLOG/installed/include -fpermissive -fPIC'
ac_cv_env_CPP_set=
ac_cv_env_CPP_value=
ac_cv_env_CXXCPP_set=
ac_cv_env_CXXCPP_value=
ac_cv_env_CXXFLAGS_set=
ac_cv_env_CXXFLAGS_value=
ac_cv_env_CXX_set=
ac_cv_env_CXX_value=
ac_cv_env_LDFLAGS_set=set
ac_cv_env_LDFLAGS_value=-L/home/mi/Project/GLOG/installed/lib
ac_cv_env_LIBS_set=
ac_cv_env_LIBS_value=
ac_cv_env_LT_SYS_LIBRARY_PATH_set=
ac_cv_env_LT_SYS_LIBRARY_PATH_value=
ac_cv_env_build_alias_set=
ac_cv_env_build_alias_value=
ac_cv_env_host_alias_set=
ac_cv_env_host_alias_value=
ac_cv_env_target_alias_set=
ac_cv_env_target_alias_value=
ac_cv_func_dladdr=no
ac_cv_func_fcntl=yes
ac_cv_func_sigaltstack=yes
ac_cv_have___builtin_expect=1
ac_cv_have___uint16=0
ac_cv_have_inttypes_h=1
ac_cv_have_libgflags=1
ac_cv_have_libunwind_h=0
ac_cv_have_stdint_h=1
ac_cv_have_systypes_h=1
ac_cv_have_u_int16_t=1
ac_cv_have_uint16_t=1
ac_cv_have_unistd_h=1
ac_cv_header_dlfcn_h=yes
ac_cv_header_execinfo_h=yes
ac_cv_header_glob_h=yes
ac_cv_header_inttypes_h=yes
ac_cv_header_libunwind_h=no
ac_cv_header_memory_h=yes
ac_cv_header_pwd_h=yes
ac_cv_header_stdc=no
ac_cv_header_stdint_h=yes
ac_cv_header_stdlib_h=yes
ac_cv_header_string_h=yes
ac_cv_header_strings_h=yes
ac_cv_header_sys_stat_h=yes
ac_cv_header_sys_syscall_h=yes
ac_cv_header_sys_time_h=yes
ac_cv_header_sys_types_h=yes
ac_cv_header_sys_ucontext_h=yes
ac_cv_header_sys_utsname_h=yes
ac_cv_header_syscall_h=yes
ac_cv_header_syslog_h=yes
ac_cv_header_ucontext_h=yes
ac_cv_header_unistd_h=yes
ac_cv_header_unwind_h=yes
ac_cv_host=x86_64-pc-linux-gnu
ac_cv_lib_gflags_main=yes
ac_cv_lib_pthread_pthread_self=yes
ac_cv_objext=o
ac_cv_path_EGREP='/bin/grep -E'
ac_cv_path_FGREP='/bin/grep -F'
ac_cv_path_GREP=/bin/grep
ac_cv_path_SED=/bin/sed
ac_cv_path_install='/usr/bin/install -c'
ac_cv_path_lt_DD=/bin/dd
ac_cv_path_mkdir=/bin/mkdir
ac_cv_prog_AWK=mawk
ac_cv_prog_CPP='gcc -E'
ac_cv_prog_CXXCPP='g++ -E'
ac_cv_prog_ac_ct_AR=ar
ac_cv_prog_ac_ct_CC=gcc
ac_cv_prog_ac_ct_CXX=g++
ac_cv_prog_ac_ct_MANIFEST_TOOL=mt
ac_cv_prog_ac_ct_OBJDUMP=objdump
ac_cv_prog_ac_ct_RANLIB=ranlib
ac_cv_prog_ac_ct_STRIP=strip
ac_cv_prog_cc_c89=
ac_cv_prog_cc_g=yes
ac_cv_prog_cxx_g=yes
ac_cv_prog_make_make_set=yes
ac_cv_rwlock=yes
ac_cv_sizeof_void_p=8
ac_cv_type___uint16=no
ac_cv_type_u_int16_t=yes
ac_cv_type_uint16_t=yes
am_cv_CC_dependencies_compiler_type=gcc3
am_cv_CXX_dependencies_compiler_type=gcc3
am_cv_make_support_nested_variables=yes
am_cv_prog_cc_c_o=yes
lt_cv_ar_at_file=@
lt_cv_deplibs_check_method=pass_all
lt_cv_file_magic_cmd='$MAGIC_CMD'
lt_cv_file_magic_test_file=
lt_cv_ld_reload_flag=-r
lt_cv_nm_interface='BSD nm'
lt_cv_objdir=.libs
lt_cv_path_LD=/usr/bin/ld
lt_cv_path_LDCXX='/usr/bin/ld -m elf_x86_64'
lt_cv_path_NM='/usr/bin/nm -B'
lt_cv_path_mainfest_tool=no
lt_cv_prog_compiler_c_o=yes
lt_cv_prog_compiler_c_o_CXX=yes
lt_cv_prog_compiler_pic='-fPIC -DPIC'
lt_cv_prog_compiler_pic_CXX='-fPIC -DPIC'
lt_cv_prog_compiler_pic_works=yes
lt_cv_prog_compiler_pic_works_CXX=yes
lt_cv_prog_compiler_rtti_exceptions=no
lt_cv_prog_compiler_static_works=yes
lt_cv_prog_compiler_static_works_CXX=yes
lt_cv_prog_gnu_ld=yes
lt_cv_prog_gnu_ldcxx=yes
lt_cv_sharedlib_from_linklib_cmd='printf %s\n'
lt_cv_shlibpath_overrides_runpath=yes
lt_cv_sys_global_symbol_pipe='sed -n -e '\''s/^.*[	 ]\([ABCDGIRSTW][ABCDGIRSTW]*\)[	 ][	 ]*\([_A-Za-z][_A-Za-z0-9]*\)$/\1 \2 \2/p'\'' | sed '\''/ __gnu_lto/d'\'''
lt_cv_sys_global_symbol_to_c_name_address='sed -n -e '\''s/^: \(.*\) .*$/  {"\1", (void *) 0},/p'\'' -e '\''s/^[ABCDGIRSTW][ABCDGIRSTW]* .* \(.*\)$/  {"\1", (void *) \&\1},/p'\'''
lt_cv_sys_global_symbol_to_c_name_address_lib_prefix='sed -n -e '\''s/^: \(.*\) .*$/  {"\1", (void *) 0},/p'\'' -e '\''s/^[ABCDGIRSTW][ABCDGIRSTW]* .* \(lib.*\)$/  {"\1", (void *) \&\1},/p'\'' -e '\''s/^[ABCDGIRSTW][ABCDGIRSTW]* .* \(.*\)$/  {"lib\1", (void *) \&\1},/p'\'''
lt_cv_sys_global_symbol_to_cdecl='sed -n -e '\''s/^T .* \(.*\)$/extern int \1();/p'\'' -e '\''s/^[ABCDGIRSTW][ABCDGIRSTW]* .* \(.*\)$/extern char \1;/p'\'''
lt_cv_sys_global_symbol_to_import=
lt_cv_sys_max_cmd_len=1572864
lt_cv_to_host_file_cmd=func_convert_file_noop
lt_cv_to_tool_file_cmd=func_convert_file_noop
lt_cv_truncate_bin='/bin/dd bs=4096 count=1'

## ----------------- ##
## Output variables. ##
## ----------------- ##

ACLOCAL='aclocal-1.15'
AMDEPBACKSLASH='\'
AMDEP_FALSE='#'
AMDEP_TRUE=''
AMTAR='$${TAR-tar}'
AM_BACKSLASH='\'
AM_DEFAULT_V='$(AM_DEFAULT_VERBOSITY)'
AM_DEFAULT_VERBOSITY='1'
AM_V='$(V)'
AR='ar'
AUTOCONF='autoconf'
AUTOHEADER='autoheader'
AUTOMAKE='automake-1.15'
AWK='mawk'
CC='gcc'
CCDEPMODE='depmode=gcc3'
CFLAGS='-fPIC'
CPP='gcc -E'
CPPFLAGS='-I/home/mi/Project/GLOG/installed/include -fpermissive -fPIC'
CXX='g++'
CXXCPP='g++ -E'
CXXDEPMODE='depmode=gcc3'
CXXFLAGS='-g -O2'
CYGPATH_W='echo'
DEFS='-DHAVE_CONFIG_H'
DEPDIR='.deps'
DISABLE_RTTI_FALSE=''
DISABLE_RTTI_TRUE='#'
DLLTOOL='false'
DSYMUTIL=''
DUMPBIN=''
ECHO_C=''
ECHO_N='-n'
ECHO_T=''
EGREP='/bin/grep -E'
ENABLE_FRAME_POINTERS_FALSE='#'
ENABLE_FRAME_POINTERS_TRUE=''
EXEEXT=''
FGREP='/bin/grep -F'
GCC_FALSE='#'
GCC_TRUE=''
GFLAGS_CFLAGS=''
GFLAGS_LIBS='-lgflags'
GMOCK_CFLAGS=''
GMOCK_CONFIG=''
GMOCK_LIBS=''
GREP='/bin/grep'
GTEST_CFLAGS=''
GTEST_CONFIG=''
GTEST_LIBS=''
HAVE_GMOCK_FALSE=''
HAVE_GMOCK_TRUE='#'
INSTALL_DATA='${INSTALL} -m 644'
INSTALL_PROGRAM='${INSTALL}'
INSTALL_SCRIPT='${INSTALL}'
INSTALL_STRIP_PROGRAM='$(install_sh) -c -s'
LD='/usr/bin/ld -m elf_x86_64'
LDFLAGS='-L/home/mi/Project/GLOG/installed/lib'
LIBOBJS=''
LIBS='-lpthread '
LIBTOOL='$(SHELL) $(top_builddir)/libtool'
LIBTOOL_DEPS='./ltmain.sh'
LIPO=''
LN_S='ln -s'
LTLIBOBJS=''
LT_SYS_LIBRARY_PATH=''
MAKEINFO='makeinfo'
MANIFEST_TOOL=':'
MKDIR_P='/bin/mkdir -p'
NM='/usr/bin/nm -B'
NMEDIT=''
OBJDUMP='objdump'
OBJEXT='o'
OTOOL64=''
OTOOL=''
PACKAGE='glog'
PACKAGE_BUGREPORT='opensource@google.com'
PACKAGE_NAME='glog'
PACKAGE_STRING='glog 0.3.3'
PACKAGE_TARNAME='glog'
PACKAGE_URL=''
PACKAGE_VERSION='0.3.3'
PATH_SEPARATOR=':'
PTHREAD_CC='gcc'
PTHREAD_CFLAGS='-pthread'
PTHREAD_LIBS=''
RANLIB='ranlib'
SED='/bin/sed'
SET_MAKE=''
SHELL='/bin/bash'
STRIP='strip'
UNWIND_LIBS=''
VERSION='0.3.3'
X86_64_FALSE='#'
X86_64_TRUE=''
ac_ct_AR='ar'
ac_ct_CC='gcc'
ac_ct_CXX='g++'
ac_ct_DUMPBIN=''
ac_cv___attribute___noinline='__attribute__ ((noinline))'
ac_cv___attribute___noreturn='__attribute__ ((noreturn))'
ac_cv___attribute___printf_4_5='__attribute__((__format__ (__printf__, 4, 5)))'
ac_cv_cxx_using_operator='1'
ac_cv_have___builtin_expect='1'
ac_cv_have___uint16='0'
ac_cv_have_inttypes_h='1'
ac_cv_have_libgflags='1'
ac_cv_have_stdint_h='1'
ac_cv_have_systypes_h='1'
ac_cv_have_u_int16_t='1'
ac_cv_have_uint16_t='1'
ac_cv_have_unistd_h='1'
ac_google_end_namespace='}'
ac_google_namespace='google'
ac_google_start_namespace='namespace google {'
acx_pthread_config=''
am__EXEEXT_FALSE=''
am__EXEEXT_TRUE='#'
am__fastdepCC_FALSE='#'
am__fastdepCC_TRUE=''
am__fastdepCXX_FALSE='#'
am__fastdepCXX_TRUE=''
am__include='include'
am__isrc=''
am__leading_dot='.'
am__nodep='_no'
am__quote=''
am__tar='$${TAR-tar} chof - "$$tardir"'
am__untar='$${TAR-tar} xf -'
bindir='${exec_prefix}/bin'
build='x86_64-pc-linux-gnu'
build_alias=''
build_cpu='x86_64'
build_os='linux-gnu'
build_vendor='pc'
datadir='${datarootdir}'
datarootdir='${prefix}/share'
docdir='${datarootdir}/doc/${PACKAGE_TARNAME}'
dvidir='${docdir}'
exec_prefix='${prefix}'
host='x86_64-pc-linux-gnu'
host_alias=''
host_cpu='x86_64'
host_os='linux-gnu'
host_vendor='pc'
htmldir='${docdir}'
includedir='${prefix}/include'
infodir='${datarootdir}/info'
install_sh='${SHELL} /home/mi/Project/GLOG/src/glog-0.3.3/install-sh'
libdir='${exec_prefix}/lib'
libexecdir='${exec_prefix}/libexec'
localedir='${datarootdir}/locale'
localstatedir='${prefix}/var'
mandir='${datarootdir}/man'
mkdir_p='$(MKDIR_P)'
oldincludedir='/usr/include'
pdfdir='${docdir}'
prefix='/home/mi/Project/GLOG/installed'
program_transform_name='s,x,x,'
psdir='${docdir}'
runstatedir='${localstatedir}/run'
sbindir='${exec_prefix}/sbin'
sharedstatedir='${prefix}/com'
sysconfdir='${prefix}/etc'
target_alias=''

## ----------- ##
## confdefs.h. ##
## ----------- ##

/* confdefs.h */
#define PACKAGE_NAME "glog"
#define PACKAGE_TARNAME "glog"
#define PACKAGE_VERSION "0.3.3"
#define PACKAGE_STRING "glog 0.3.3"
#define PACKAGE_BUGREPORT "opensource@google.com"
#define PACKAGE_URL ""
#define PACKAGE "glog"
#define VERSION "0.3.3"
#define HAVE_SYS_TYPES_H 1
#define HAVE_SYS_STAT_H 1
#define HAVE_STDLIB_H 1
#define HAVE_STRING_H 1
#define HAVE_MEMORY_H 1
#define HAVE_STRINGS_H 1
#define HAVE_INTTYPES_H 1
#define HAVE_STDINT_H 1
#define HAVE_UNISTD_H 1
#define HAVE_DLFCN_H 1
#define LT_OBJDIR ".libs/"
#define HAVE_UNISTD_H 1
#define HAVE_SYSCALL_H 1
#define HAVE_SYS_SYSCALL_H 1
#define HAVE_EXECINFO_H 1
#define HAVE_UCONTEXT_H 1
#define HAVE_SYS_UTSNAME_H 1
#define HAVE_PWD_H 1
#define HAVE_SYSLOG_H 1
#define HAVE_SYS_TIME_H 1
#define HAVE_GLOB_H 1
#define HAVE_UNWIND_H 1
#define SIZEOF_VOID_P 8
#define HAVE_SIGALTSTACK 1
#define HAVE_FCNTL 1
#define HAVE___ATTRIBUTE__ 1
#define HAVE___BUILTIN_EXPECT 1
#define HAVE___SYNC_VAL_COMPARE_AND_SWAP 1
#define HAVE_PTHREAD 1
#define HAVE_LIBPTHREAD 1
#define HAVE_LIB_GFLAGS 1
#define HAVE_RWLOCK 1
#define HAVE_NAMESPACES 1
#define STL_NAMESPACE std
#define GOOGLE_NAMESPACE google
#define _START_GOOGLE_NAMESPACE_ namespace google {
#define _END_GOOGLE_NAMESPACE_ }
#define HAVE_USING_OPERATOR 1
#define HAVE_UCONTEXT_H 1
#define HAVE_SYS_UCONTEXT_H 1
#define PC_FROM_UCONTEXT uc_mcontext.gregs[REG_RIP]
#define TEST_SRC_DIR "."

configure: exit 0
